
{"message":"This is a test message","level":"info","timestamp":"1/1/2020, 4:07:50 PM"}
{"message":"This is a test message","level":"info","timestamp":"1/1/2020, 4:10:54 PM"}
{"name":"SequelizeValidationError","errors":[{"message":"user.name cannot be null","type":"notNull Violation","path":"name","value":null,"origin":"CORE","instance":{"id":null,"updatedAt":"2020-01-01T17:36:00.107Z","createdAt":"2020-01-01T17:36:00.107Z"},"validatorKey":"is_null","validatorName":null,"validatorArgs":[]}],"level":"error","timestamp":"1/1/2020, 11:06:00 PM"}
{"name":"SequelizeValidationError","errors":[{"message":"user.name cannot be null","type":"notNull Violation","path":"name","value":null,"origin":"CORE","instance":{"id":null,"updatedAt":"2020-01-01T17:38:00.160Z","createdAt":"2020-01-01T17:38:00.160Z"},"validatorKey":"is_null","validatorName":null,"validatorArgs":[]}],"level":"error","timestamp":"1/1/2020, 11:08:00 PM"}
{"message":"Database & tables created!","level":"info","timestamp":"1/1/2020, 11:18:57 PM"}
{"name":"SequelizeValidationError","errors":[{"message":"user.name cannot be null","type":"notNull Violation","path":"name","value":null,"origin":"CORE","instance":{"id":null,"updatedAt":"2020-01-01T17:49:16.606Z","createdAt":"2020-01-01T17:49:16.606Z"},"validatorKey":"is_null","validatorName":null,"validatorArgs":[]}],"level":"error","timestamp":"1/1/2020, 11:19:16 PM"}
{"message":"Database & tables created!","level":"info","timestamp":"1/1/2020, 11:19:55 PM"}{"message":"Database & tables created!","level":"info","timestamp":"1/7/2020, 12:54:59 AM"}
{"message":"Database & tables created!","level":"info","timestamp":"1/7/2020, 12:56:03 AM"}
{"message":"Database & tables created!","level":"info","timestamp":"1/7/2020, 1:11:04 AM"}
{"message":"Database & tables created!","level":"info","timestamp":"1/7/2020, 1:50:18 AM"}
{"message":"Database & tables created!","level":"info","timestamp":"1/7/2020, 6:31:06 PM"}
{"message":"Database & tables created!","level":"info","timestamp":"1/8/2020, 7:43:24 AM"}
{"message":"Database & tables created!","level":"info","timestamp":"1/9/2020, 11:04:46 PM"}
{"message":"Database & tables created!","level":"info","timestamp":"1/10/2020, 8:01:51 PM"}
{"message":"Database & tables created!","level":"info","timestamp":"1/10/2020, 10:14:19 PM"}
{"message":"Database & tables created!","level":"info","timestamp":"1/10/2020, 10:14:59 PM"}
{"message":"Database & tables created!","level":"info","timestamp":"1/10/2020, 10:17:45 PM"}
{"message":"Database & tables created!","level":"info","timestamp":"1/10/2020, 10:20:33 PM"}
{"message":"Database & tables created!","level":"info","timestamp":"1/10/2020, 10:21:05 PM"}
{"message":"Database & tables created!","level":"info","timestamp":"1/10/2020, 10:23:00 PM"}
{"message":"Database & tables created!","level":"info","timestamp":"1/10/2020, 10:23:18 PM"}
{"message":"Database & tables created!","level":"info","timestamp":"1/10/2020, 10:25:10 PM"}
{"message":"Database & tables created!","level":"info","timestamp":"1/10/2020, 10:26:57 PM"}
{"message":"Database & tables created!","level":"info","timestamp":"1/10/2020, 10:27:11 PM"}
{"message":"Database & tables created!","level":"info","timestamp":"1/10/2020, 10:27:49 PM"}
{"message":"Database & tables created!","level":"info","timestamp":"1/10/2020, 10:46:55 PM"}
{"message":"Database & tables created!","level":"info","timestamp":"1/10/2020, 10:48:44 PM"}
{"message":"Database & tables created!","level":"info","timestamp":"1/11/2020, 2:15:41 PM"}
{"message":"Database & tables created!","level":"info","timestamp":"1/11/2020, 2:20:15 PM"}
{"message":"Database & tables created!","level":"info","timestamp":"1/11/2020, 2:20:47 PM"}
{"message":"Database & tables created!","level":"info","timestamp":"1/11/2020, 2:41:14 PM"}
