0 info it worked if it ends with ok
1 verbose cli [ '/usr/bin/node', '/usr/bin/npm', 'install', '-g', 'npm@latest' ]
2 info using npm@3.5.2
3 info using node@v8.10.0
4 silly loadCurrentTree Starting
5 silly install loadCurrentTree
6 silly install readGlobalPackageData
7 silly fetchPackageMetaData npm@latest
8 silly fetchNamedPackageData npm
9 silly mapToRegistry name npm
10 silly mapToRegistry using default registry
11 silly mapToRegistry registry https://registry.npmjs.org/
12 silly mapToRegistry uri https://registry.npmjs.org/npm
13 verbose request uri https://registry.npmjs.org/npm
14 verbose request no auth needed
15 info attempt registry request try #1 at 21:42:21
16 verbose request id 3ef256da16b4eef1
17 http request GET https://registry.npmjs.org/npm
18 http 200 https://registry.npmjs.org/npm
19 verbose headers { date: 'Sun, 22 Dec 2019 16:12:22 GMT',
19 verbose headers   'content-type': 'application/json',
19 verbose headers   'transfer-encoding': 'chunked',
19 verbose headers   connection: 'keep-alive',
19 verbose headers   'set-cookie':
19 verbose headers    [ '__cfduid=d29cb6f7c7c6ec7a458b439441bcfe1231577031142; expires=Tue, 21-Jan-20 16:12:22 GMT; path=/; domain=.npmjs.org; HttpOnly; SameSite=Lax' ],
19 verbose headers   'cf-ray': '5493607f0e95d567-DEL',
19 verbose headers   age: '1773',
19 verbose headers   'cache-control': 'public, max-age=300',
19 verbose headers   etag: 'W/"7c37ffdc9eeb6baf2cf5254cd821f200"',
19 verbose headers   'last-modified': 'Wed, 11 Dec 2019 19:09:26 GMT',
19 verbose headers   vary: 'accept-encoding, accept',
19 verbose headers   'cf-cache-status': 'HIT',
19 verbose headers   'expect-ct': 'max-age=604800, report-uri="https://report-uri.cloudflare.com/cdn-cgi/beacon/expect-ct"',
19 verbose headers   server: 'cloudflare',
19 verbose headers   'content-encoding': 'gzip' }
20 silly get cb [ 200,
20 silly get   { date: 'Sun, 22 Dec 2019 16:12:22 GMT',
20 silly get     'content-type': 'application/json',
20 silly get     'transfer-encoding': 'chunked',
20 silly get     connection: 'keep-alive',
20 silly get     'set-cookie':
20 silly get      [ '__cfduid=d29cb6f7c7c6ec7a458b439441bcfe1231577031142; expires=Tue, 21-Jan-20 16:12:22 GMT; path=/; domain=.npmjs.org; HttpOnly; SameSite=Lax' ],
20 silly get     'cf-ray': '5493607f0e95d567-DEL',
20 silly get     age: '1773',
20 silly get     'cache-control': 'public, max-age=300',
20 silly get     etag: 'W/"7c37ffdc9eeb6baf2cf5254cd821f200"',
20 silly get     'last-modified': 'Wed, 11 Dec 2019 19:09:26 GMT',
20 silly get     vary: 'accept-encoding, accept',
20 silly get     'cf-cache-status': 'HIT',
20 silly get     'expect-ct': 'max-age=604800, report-uri="https://report-uri.cloudflare.com/cdn-cgi/beacon/expect-ct"',
20 silly get     server: 'cloudflare',
20 silly get     'content-encoding': 'gzip' } ]
21 verbose get saving npm to /home/mrgigabyte/.npm/registry.npmjs.org/npm/.cache.json
22 silly rollbackFailedOptional Starting
23 silly rollbackFailedOptional Finishing
24 silly runTopLevelLifecycles Starting
25 silly runTopLevelLifecycles Finishing
26 silly install printInstalled
27 verbose stack Error: ENOENT: no such file or directory, stat '/usr/local/lib/node_modules/npm'
28 verbose cwd /home/mrgigabyte/Desktop/sample-api
29 error Linux 4.15.0-72-generic
30 error argv "/usr/bin/node" "/usr/bin/npm" "install" "-g" "npm@latest"
31 error node v8.10.0
32 error npm  v3.5.2
33 error path /usr/local/lib/node_modules/npm
34 error code ENOENT
35 error errno -2
36 error syscall stat
37 error enoent ENOENT: no such file or directory, stat '/usr/local/lib/node_modules/npm'
38 error enoent ENOENT: no such file or directory, stat '/usr/local/lib/node_modules/npm'
38 error enoent This is most likely not a problem with npm itself
38 error enoent and is related to npm not being able to find a file.
39 verbose exit [ -2, true ]
